<?xml version="1.0" encoding="utf-8"?><testsuites name="pytest tests"><testsuite name="pytest" errors="0" failures="0" skipped="0" tests="25" time="7.292" timestamp="2026-02-27T16:15:49.420378+00:00" hostname="agent-env-fa9883eb-4087-4019-9351-b3178b6b8826"><testcase classname="tests.test_cv_jd_api.TestHealthEndpoints" name="test_root_endpoint" time="2.327" /><testcase classname="tests.test_cv_jd_api.TestAuthEndpoints" name="test_register_user" time="0.103" /><testcase classname="tests.test_cv_jd_api.TestAuthEndpoints" name="test_get_current_user_anonymous" time="0.085" /><testcase classname="tests.test_cv_jd_api.TestAuthEndpoints" name="test_get_current_user_authenticated" time="0.089" /><testcase classname="tests.test_cv_jd_api.TestCVEndpoints" name="test_upload_cv_pdf" time="0.235" /><testcase classname="tests.test_cv_jd_api.TestCVEndpoints" name="test_upload_cv_txt" time="0.083" /><testcase classname="tests.test_cv_jd_api.TestCVEndpoints" name="test_list_cvs" time="0.104" /><testcase classname="tests.test_cv_jd_api.TestCVEndpoints" name="test_get_cv_by_id" time="0.161" /><testcase classname="tests.test_cv_jd_api.TestJDEndpoints" name="test_add_jd" time="0.174" /><testcase classname="tests.test_cv_jd_api.TestJDEndpoints" name="test_list_jds" time="0.104" /><testcase classname="tests.test_cv_jd_api.TestJDEndpoints" name="test_get_jd_by_id" time="0.154" /><testcase classname="tests.test_cv_jd_api.TestMatchEndpoints" name="test_match_cv_jd" time="0.259" /><testcase classname="tests.test_cv_jd_api.TestMatchEndpoints" name="test_match_returns_gaps" time="0.268" /><testcase classname="tests.test_cv_jd_api.TestMatchEndpoints" name="test_match_invalid_cv_id" time="0.248" /><testcase classname="tests.test_cv_jd_api.TestMatchEndpoints" name="test_match_invalid_jd_id" time="0.251" /><testcase classname="tests.test_cv_jd_api.TestRewriteEndpoints" name="test_rewrite_deterministic" time="0.399" /><testcase classname="tests.test_cv_jd_api.TestRewriteEndpoints" name="test_get_tailored_cv" time="0.541" /><testcase classname="tests.test_cv_jd_api.TestRewriteEndpoints" name="test_download_tailored_cv" time="0.432" /><testcase classname="tests.test_cv_jd_api.TestRewriteEndpoints" name="test_rewrite_invalid_report_id" time="0.410" /><testcase classname="tests.test_cv_jd_api.TestRewriteEndpoints" name="test_get_tailored_cv_invalid_id" time="0.372" /><testcase classname="tests.test_cv_jd_api.TestApplicationEndpoints" name="test_applications_anonymous" time="0.078" /><testcase classname="tests.test_cv_jd_api.TestApplicationEndpoints" name="test_create_application_requires_auth" time="0.081" /><testcase classname="tests.test_cv_jd_api.TestAnalyticsEndpoints" name="test_success_rates_anonymous" time="0.074" /><testcase classname="tests.test_cv_jd_api.TestRecruiterEndpoints" name="test_recruiter_dashboard_requires_auth" time="0.082" /><testcase classname="tests.test_cv_jd_api.TestRecruiterEndpoints" name="test_recruiter_candidates_requires_auth" time="0.073" /></testsuite></testsuites>